<?xml version="1.0" encoding="UTF-8"?>
<!-- Generated by org.testng.reporters.JUnitReportReporter -->
<testsuite hostname="DESKTOP-A3C766P" failures="0" tests="2" name="Practice1.Sample" time="0.008" errors="0" timestamp="2023-07-21T15:12:31 IST" skipped="0">
  <testcase classname="Practice1.Sample" name="hi" time="0.003"/>
  <system-out/>
  <testcase classname="Practice1.Sample" name="hello" time="0.005"/>
  <system-out/>
</testsuite> <!-- Practice1.Sample -->
