<?xml version="1.0" encoding="UTF-8"?>
<!-- Generated by org.testng.reporters.JUnitReportReporter -->
<testsuite hostname="DESKTOP-A3C766P" failures="0" tests="2" name="Practice1.Demo" time="0.022" errors="0" timestamp="2023-07-21T15:12:31 IST" skipped="0">
  <testcase classname="Practice1.Demo" name="good" time="0.003"/>
  <system-out/>
  <testcase classname="Practice1.Demo" name="bye" time="0.019"/>
  <system-out/>
</testsuite> <!-- Practice1.Demo -->
