<?xml version="1.0" encoding="UTF-8"?>
<!-- Generated by org.testng.reporters.JUnitReportReporter -->
<testsuite hostname="DESKTOP-A3C766P" failures="0" tests="7" name="Practice1.Distributedprgm" time="0.036" errors="0" timestamp="2023-07-21T15:12:31 IST" skipped="0">
  <testcase classname="Practice1.Distributedprgm" name="prgram2" time="0.002"/>
  <system-out/>
  <testcase classname="Practice1.Distributedprgm" name="login" time="0.017"/>
  <system-out/>
  <testcase classname="Practice1.Distributedprgm" name="prgram6" time="0.009"/>
  <system-out/>
  <testcase classname="Practice1.Distributedprgm" name="prgram3" time="0.002"/>
  <system-out/>
  <testcase classname="Practice1.Distributedprgm" name="prgram5" time="0.002"/>
  <system-out/>
  <testcase classname="Practice1.Distributedprgm" name="prgram1" time="0.003"/>
  <system-out/>
  <testcase classname="Practice1.Distributedprgm" name="prgram4" time="0.001"/>
  <system-out/>
</testsuite> <!-- Practice1.Distributedprgm -->
