<?xml version="1.0" encoding="UTF-8"?>
<!-- Generated by org.testng.reporters.JUnitReportReporter -->
<testsuite hostname="DESKTOP-A3C766P" failures="0" tests="3" name="Practice1.Punter" time="0.029" errors="0" timestamp="2023-07-21T15:12:31 IST" skipped="0">
  <testcase classname="Practice1.Punter" name="asha" time="0.005"/>
  <system-out/>
  <testcase classname="Practice1.Punter" name="jyothi" time="0.016"/>
  <system-out/>
  <testcase classname="Practice1.Punter" name="kiran" time="0.008"/>
  <system-out/>
</testsuite> <!-- Practice1.Punter -->
